<?xml version="1.0" encoding="UTF-8"?>
<!-- Generated by org.testng.reporters.JUnitReportReporter -->
<testsuite skipped="0" hostname="TYSS-4F-023" name="seleniumAID.EnterTextInTextBox" tests="1" failures="0" timestamp="13 Jun 2018 06:20:52 GMT" time="19.766" errors="0">
  <testcase name="enterText" time="19.766" classname="seleniumAID.EnterTextInTextBox"/>
</testsuite> <!-- seleniumAID.EnterTextInTextBox -->
