<?xml version="1.0" encoding="UTF-8"?>
<!-- Generated by org.testng.reporters.JUnitReportReporter -->
<testsuite skipped="0" hostname="TYSS-4F-023" name="seleniumAID.SelectOption" tests="1" failures="0" timestamp="11 Jun 2018 05:47:09 GMT" time="15.291" errors="0">
  <testcase name="verifyOption" time="15.291" classname="seleniumAID.SelectOption"/>
</testsuite> <!-- seleniumAID.SelectOption -->
